# JRE version: OpenJDK Runtime Environment Temurin-17.0.11+9 (17.0.11+9) (build 17.0.11+9)
# Java VM: OpenJDK 64-Bit Server VM Temurin-17.0.11+9 (17.0.11+9, mixed mode, emulated-client, tiered, compressed oops, compressed class ptrs, g1 gc, windows-amd64)
GC Precious Log:
 CPUs: 12 total, 12 available
 Memory: 7597M
 Large Page Support: Disabled
 NUMA Support: Disabled
 Compressed Oops: Enabled (32-bit)
 Heap Region Size: 1M
 Heap Min Capacity: 8M
 Heap Initial Capacity: 120M
 Heap Max Capacity: 1G
 Pre-touch: Disabled
 Parallel Workers: 10
 Concurrent Workers: 3
 Concurrent Refinement Workers: 10
 Periodic GC: Disabled
Heap:
 garbage-first heap   total 122880K, used 43961K [0x00000000c0000000, 0x0000000100000000)
  region size 1024K, 1 young (1024K), 0 survivors (0K)
 Metaspace       used 62434K, committed 62976K, reserved 1114112K
  class space    used 7963K, committed 8192K, reserved 1048576K
GC Heap History (20 events):
Event: 99272.794 GC heap before
{Heap before GC invocations=4324 (full 4096):
 garbage-first heap   total 122880K, used 43961K [0x00000000c0000000, 0x0000000100000000)
  region size 1024K, 1 young (1024K), 0 survivors (0K)
 Metaspace       used 62434K, committed 62976K, reserved 1114112K
  class space    used 7963K, committed 8192K, reserved 1048576K
}
Event: 99272.861 GC heap after
{Heap after GC invocations=4325 (full 4097):
 garbage-first heap   total 122880K, used 43961K [0x00000000c0000000, 0x0000000100000000)
  region size 1024K, 0 young (0K), 0 survivors (0K)
 Metaspace       used 62434K, committed 62976K, reserved 1114112K
  class space    used 7963K, committed 8192K, reserved 1048576K
}
Event: 99283.052 GC heap before
{Heap before GC invocations=4325 (full 4097):
 garbage-first heap   total 122880K, used 43961K [0x00000000c0000000, 0x0000000100000000)
  region size 1024K, 1 young (1024K), 0 survivors (0K)
 Metaspace       used 62434K, committed 62976K, reserved 1114112K
  class space    used 7963K, committed 8192K, reserved 1048576K
}
Event: 99283.110 GC heap after
{Heap after GC invocations=4326 (full 4098):
 garbage-first heap   total 122880K, used 43961K [0x00000000c0000000, 0x0000000100000000)
  region size 1024K, 0 young (0K), 0 survivors (0K)
 Metaspace       used 62434K, committed 62976K, reserved 1114112K
  class space    used 7963K, committed 8192K, reserved 1048576K
}
Event: 99293.381 GC heap before
{Heap before GC invocations=4326 (full 4098):
 garbage-first heap   total 122880K, used 43961K [0x00000000c0000000, 0x0000000100000000)
  region size 1024K, 1 young (1024K), 0 survivors (0K)
 Metaspace       used 62434K, committed 62976K, reserved 1114112K
  class space    used 7963K, committed 8192K, reserved 1048576K
}
Event: 99293.447 GC heap after
{Heap after GC invocations=4327 (full 4099):
 garbage-first heap   total 122880K, used 43961K [0x00000000c0000000, 0x0000000100000000)
  region size 1024K, 0 young (0K), 0 survivors (0K)
 Metaspace       used 62434K, committed 62976K, reserved 1114112K
  class space    used 7963K, committed 8192K, reserved 1048576K
}
Event: 99303.789 GC heap before
{Heap before GC invocations=4327 (full 4099):
 garbage-first heap   total 122880K, used 43961K [0x00000000c0000000, 0x0000000100000000)
  region size 1024K, 1 young (1024K), 0 survivors (0K)
 Metaspace       used 62434K, committed 62976K, reserved 1114112K
  class space    used 7963K, committed 8192K, reserved 1048576K
}
Event: 99303.892 GC heap after
{Heap after GC invocations=4328 (full 4100):
 garbage-first heap   total 122880K, used 43961K [0x00000000c0000000, 0x0000000100000000)
  region size 1024K, 0 young (0K), 0 survivors (0K)
 Metaspace       used 62434K, committed 62976K, reserved 1114112K
  class space    used 7963K, committed 8192K, reserved 1048576K
}
Event: 99314.360 GC heap before
{Heap before GC invocations=4328 (full 4100):
 garbage-first heap   total 122880K, used 43961K [0x00000000c0000000, 0x0000000100000000)
  region size 1024K, 1 young (1024K), 0 survivors (0K)
 Metaspace       used 62434K, committed 62976K, reserved 1114112K
  class space    used 7963K, committed 8192K, reserved 1048576K
}
Event: 99314.478 GC heap after
{Heap after GC invocations=4329 (full 4101):
 garbage-first heap   total 122880K, used 43961K [0x00000000c0000000, 0x0000000100000000)
  region size 1024K, 0 young (0K), 0 survivors (0K)
 Metaspace       used 62434K, committed 62976K, reserved 1114112K
  class space    used 7963K, committed 8192K, reserved 1048576K
}
Event: 99324.931 GC heap before
{Heap before GC invocations=4329 (full 4101):
 garbage-first heap   total 122880K, used 43961K [0x00000000c0000000, 0x0000000100000000)
  region size 1024K, 1 young (1024K), 0 survivors (0K)
 Metaspace       used 62434K, committed 62976K, reserved 1114112K
  class space    used 7963K, committed 8192K, reserved 1048576K
}
Event: 99325.040 GC heap after
{Heap after GC invocations=4330 (full 4102):
 garbage-first heap   total 122880K, used 43961K [0x00000000c0000000, 0x0000000100000000)
  region size 1024K, 0 young (0K), 0 survivors (0K)
 Metaspace       used 62434K, committed 62976K, reserved 1114112K
  class space    used 7963K, committed 8192K, reserved 1048576K
}
Event: 99335.259 GC heap before
{Heap before GC invocations=4330 (full 4102):
 garbage-first heap   total 122880K, used 43961K [0x00000000c0000000, 0x0000000100000000)
  region size 1024K, 1 young (1024K), 0 survivors (0K)
 Metaspace       used 62434K, committed 62976K, reserved 1114112K
  class space    used 7963K, committed 8192K, reserved 1048576K
}
Event: 99335.326 GC heap after
{Heap after GC invocations=4331 (full 4103):
 garbage-first heap   total 122880K, used 43961K [0x00000000c0000000, 0x0000000100000000)
  region size 1024K, 0 young (0K), 0 survivors (0K)
 Metaspace       used 62434K, committed 62976K, reserved 1114112K
  class space    used 7963K, committed 8192K, reserved 1048576K
}
Event: 99345.616 GC heap before
{Heap before GC invocations=4331 (full 4103):
 garbage-first heap   total 122880K, used 43961K [0x00000000c0000000, 0x0000000100000000)
  region size 1024K, 1 young (1024K), 0 survivors (0K)
 Metaspace       used 62434K, committed 62976K, reserved 1114112K
  class space    used 7963K, committed 8192K, reserved 1048576K
}
Event: 99345.680 GC heap after
{Heap after GC invocations=4332 (full 4104):
 garbage-first heap   total 122880K, used 43961K [0x00000000c0000000, 0x0000000100000000)
  region size 1024K, 0 young (0K), 0 survivors (0K)
 Metaspace       used 62434K, committed 62976K, reserved 1114112K
  class space    used 7963K, committed 8192K, reserved 1048576K
}
Event: 99357.399 GC heap before
{Heap before GC invocations=4332 (full 4104):
 garbage-first heap   total 122880K, used 43961K [0x00000000c0000000, 0x0000000100000000)
  region size 1024K, 1 young (1024K), 0 survivors (0K)
 Metaspace       used 62434K, committed 62976K, reserved 1114112K
  class space    used 7963K, committed 8192K, reserved 1048576K
}
Event: 99357.542 GC heap after
{Heap after GC invocations=4333 (full 4105):
 garbage-first heap   total 122880K, used 43961K [0x00000000c0000000, 0x0000000100000000)
  region size 1024K, 0 young (0K), 0 survivors (0K)
 Metaspace       used 62434K, committed 62976K, reserved 1114112K
  class space    used 7963K, committed 8192K, reserved 1048576K
}
Event: 99368.132 GC heap before
{Heap before GC invocations=4333 (full 4105):
 garbage-first heap   total 122880K, used 43961K [0x00000000c0000000, 0x0000000100000000)
  region size 1024K, 1 young (1024K), 0 survivors (0K)
 Metaspace       used 62434K, committed 62976K, reserved 1114112K
  class space    used 7963K, committed 8192K, reserved 1048576K
}
Event: 99368.265 GC heap after
{Heap after GC invocations=4334 (full 4106):
 garbage-first heap   total 122880K, used 43961K [0x00000000c0000000, 0x0000000100000000)
  region size 1024K, 0 young (0K), 0 survivors (0K)
 Metaspace       used 62434K, committed 62976K, reserved 1114112K
  class space    used 7963K, committed 8192K, reserved 1048576K
}

